This is e-TeX, Version 3.141592-2.2 (MiKTeX 2.4) (preloaded format=latex 2005.10.12)  20 APR 2006 16:02
entering extended mode
**funktionelle_anforderungen.tex
(funktionelle_anforderungen.tex
LaTeX2e <2003/12/01>
Babel <v3.8g> and hyphenation patterns for english, dumylang, nohyphenation, ge
rman, ngerman, french, loaded.
! Undefined control sequence.
l.1 \chapter
            {Spezifikation der funktionellen Anforderungen}
? 
! Emergency stop.
l.1 \chapter
            {Spezifikation der funktionellen Anforderungen}
End of file on the terminal!

 
Here is how much of TeX's memory you used:
 6 strings out of 95901
 146 string characters out of 1195328
 44793 words of memory out of 1048577
 3139 multiletter control sequences out of 60000
 3640 words of font info for 14 fonts, out of 1000000 for 2000
 14 hyphenation exceptions out of 4999
 5i,0n,1p,89b,8s stack positions out of 5000i,500n,10000p,200000b,32768s
No pages of output.
